C:\USERS\ESMERALDA\DOCUMENTS\VISUAL STUDIO 2010\PROJECTS\MAX_NIF_PLUGIN-VS-2010\BUILD\X64\RELEASE - MAX X64\ANIMATION.OBJ
C:\USERS\ESMERALDA\DOCUMENTS\VISUAL STUDIO 2010\PROJECTS\MAX_NIF_PLUGIN-VS-2010\BUILD\X64\RELEASE - MAX X64\ANIMKEY.OBJ
C:\USERS\ESMERALDA\DOCUMENTS\VISUAL STUDIO 2010\PROJECTS\MAX_NIF_PLUGIN-VS-2010\BUILD\X64\RELEASE - MAX X64\APPSETTINGS.OBJ
C:\USERS\ESMERALDA\DOCUMENTS\VISUAL STUDIO 2010\PROJECTS\MAX_NIF_PLUGIN-VS-2010\BUILD\X64\RELEASE - MAX X64\BHKBOXOBJ.OBJ
C:\USERS\ESMERALDA\DOCUMENTS\VISUAL STUDIO 2010\PROJECTS\MAX_NIF_PLUGIN-VS-2010\BUILD\X64\RELEASE - MAX X64\BHKCAPSULEOBJ.OBJ
C:\USERS\ESMERALDA\DOCUMENTS\VISUAL STUDIO 2010\PROJECTS\MAX_NIF_PLUGIN-VS-2010\BUILD\X64\RELEASE - MAX X64\BHKHELPERFUNCS.OBJ
C:\USERS\ESMERALDA\DOCUMENTS\VISUAL STUDIO 2010\PROJECTS\MAX_NIF_PLUGIN-VS-2010\BUILD\X64\RELEASE - MAX X64\BHKHELPERINTERFACE.OBJ
C:\USERS\ESMERALDA\DOCUMENTS\VISUAL STUDIO 2010\PROJECTS\MAX_NIF_PLUGIN-VS-2010\BUILD\X64\RELEASE - MAX X64\BHKLISTOBJ.OBJ
C:\USERS\ESMERALDA\DOCUMENTS\VISUAL STUDIO 2010\PROJECTS\MAX_NIF_PLUGIN-VS-2010\BUILD\X64\RELEASE - MAX X64\BHKPROXYOBJ.OBJ
C:\USERS\ESMERALDA\DOCUMENTS\VISUAL STUDIO 2010\PROJECTS\MAX_NIF_PLUGIN-VS-2010\BUILD\X64\RELEASE - MAX X64\BHKRIGIDBODYINTERFACE.OBJ
C:\USERS\ESMERALDA\DOCUMENTS\VISUAL STUDIO 2010\PROJECTS\MAX_NIF_PLUGIN-VS-2010\BUILD\X64\RELEASE - MAX X64\BHKRIGIDBODYMODIFER.OBJ
C:\USERS\ESMERALDA\DOCUMENTS\VISUAL STUDIO 2010\PROJECTS\MAX_NIF_PLUGIN-VS-2010\BUILD\X64\RELEASE - MAX X64\BHKSPHEREOBJ.OBJ
C:\USERS\ESMERALDA\DOCUMENTS\VISUAL STUDIO 2010\PROJECTS\MAX_NIF_PLUGIN-VS-2010\BUILD\X64\RELEASE - MAX X64\BSDISMEMBERSKIN.OBJ
C:\Users\esmeralda\Documents\Visual Studio 2010\Projects\max_nif_plugin-vs-2010\Build\x64\Release - Max x64\cl.command.1.tlog
C:\Users\esmeralda\Documents\Visual Studio 2010\Projects\max_nif_plugin-vs-2010\Build\x64\Release - Max x64\CL.read.1.tlog
C:\Users\esmeralda\Documents\Visual Studio 2010\Projects\max_nif_plugin-vs-2010\Build\x64\Release - Max x64\CL.write.1.tlog
C:\USERS\ESMERALDA\DOCUMENTS\VISUAL STUDIO 2010\PROJECTS\MAX_NIF_PLUGIN-VS-2010\BUILD\X64\RELEASE - MAX X64\COLL.OBJ
C:\USERS\ESMERALDA\DOCUMENTS\VISUAL STUDIO 2010\PROJECTS\MAX_NIF_PLUGIN-VS-2010\BUILD\X64\RELEASE - MAX X64\CONFIG.OBJ
C:\USERS\ESMERALDA\DOCUMENTS\VISUAL STUDIO 2010\PROJECTS\MAX_NIF_PLUGIN-VS-2010\BUILD\X64\RELEASE - MAX X64\DLLENTRY.OBJ
C:\USERS\ESMERALDA\DOCUMENTS\VISUAL STUDIO 2010\PROJECTS\MAX_NIF_PLUGIN-VS-2010\BUILD\X64\RELEASE - MAX X64\EXPORTER.OBJ
C:\USERS\ESMERALDA\DOCUMENTS\VISUAL STUDIO 2010\PROJECTS\MAX_NIF_PLUGIN-VS-2010\BUILD\X64\RELEASE - MAX X64\HYPERLINKS.OBJ
C:\USERS\ESMERALDA\DOCUMENTS\VISUAL STUDIO 2010\PROJECTS\MAX_NIF_PLUGIN-VS-2010\BUILD\X64\RELEASE - MAX X64\IMPORTANIMATION.OBJ
C:\USERS\ESMERALDA\DOCUMENTS\VISUAL STUDIO 2010\PROJECTS\MAX_NIF_PLUGIN-VS-2010\BUILD\X64\RELEASE - MAX X64\IMPORTCOLLISION.OBJ
C:\USERS\ESMERALDA\DOCUMENTS\VISUAL STUDIO 2010\PROJECTS\MAX_NIF_PLUGIN-VS-2010\BUILD\X64\RELEASE - MAX X64\IMPORTLIGHTS.OBJ
C:\USERS\ESMERALDA\DOCUMENTS\VISUAL STUDIO 2010\PROJECTS\MAX_NIF_PLUGIN-VS-2010\BUILD\X64\RELEASE - MAX X64\IMPORTMESHANDSKIN.OBJ
C:\USERS\ESMERALDA\DOCUMENTS\VISUAL STUDIO 2010\PROJECTS\MAX_NIF_PLUGIN-VS-2010\BUILD\X64\RELEASE - MAX X64\IMPORTMTLANDTEX.OBJ
C:\USERS\ESMERALDA\DOCUMENTS\VISUAL STUDIO 2010\PROJECTS\MAX_NIF_PLUGIN-VS-2010\BUILD\X64\RELEASE - MAX X64\IMPORTSKELETON.OBJ
C:\USERS\ESMERALDA\DOCUMENTS\VISUAL STUDIO 2010\PROJECTS\MAX_NIF_PLUGIN-VS-2010\BUILD\X64\RELEASE - MAX X64\KFDIALOG.OBJ
C:\USERS\ESMERALDA\DOCUMENTS\VISUAL STUDIO 2010\PROJECTS\MAX_NIF_PLUGIN-VS-2010\BUILD\X64\RELEASE - MAX X64\KFEXPORT.OBJ
C:\USERS\ESMERALDA\DOCUMENTS\VISUAL STUDIO 2010\PROJECTS\MAX_NIF_PLUGIN-VS-2010\BUILD\X64\RELEASE - MAX X64\KFIMPORTER.OBJ
C:\USERS\ESMERALDA\DOCUMENTS\VISUAL STUDIO 2010\PROJECTS\MAX_NIF_PLUGIN-VS-2010\BUILD\X64\RELEASE - MAX X64\KFMIMPORTER.OBJ
C:\Users\esmeralda\Documents\Visual Studio 2010\Projects\max_nif_plugin-vs-2010\Build\x64\Release - Max x64\link.command.1.tlog
C:\Users\esmeralda\Documents\Visual Studio 2010\Projects\max_nif_plugin-vs-2010\Build\x64\Release - Max x64\link.read.1.tlog
C:\Users\esmeralda\Documents\Visual Studio 2010\Projects\max_nif_plugin-vs-2010\Build\x64\Release - Max x64\link.write.1.tlog
C:\Users\esmeralda\Documents\Visual Studio 2010\Projects\max_nif_plugin-vs-2010\Build\x64\Release - Max x64\link-cvtres.read.1.tlog
C:\Users\esmeralda\Documents\Visual Studio 2010\Projects\max_nif_plugin-vs-2010\Build\x64\Release - Max x64\link-cvtres.write.1.tlog
C:\USERS\ESMERALDA\DOCUMENTS\VISUAL STUDIO 2010\PROJECTS\MAX_NIF_PLUGIN-VS-2010\BUILD\X64\RELEASE - MAX X64\MAXNIFIMPORT.OBJ
C:\USERS\ESMERALDA\DOCUMENTS\VISUAL STUDIO 2010\PROJECTS\MAX_NIF_PLUGIN-VS-2010\BUILD\X64\RELEASE - MAX X64\MAXNIFIMPORT.RES
C:\USERS\ESMERALDA\DOCUMENTS\VISUAL STUDIO 2010\PROJECTS\MAX_NIF_PLUGIN-VS-2010\BUILD\X64\RELEASE - MAX X64\MESH.OBJ
C:\Users\esmeralda\Documents\Visual Studio 2010\Projects\max_nif_plugin-vs-2010\Build\x64\Release - Max x64\mt.command.1.tlog
C:\Users\esmeralda\Documents\Visual Studio 2010\Projects\max_nif_plugin-vs-2010\Build\x64\Release - Max x64\mt.read.1.tlog
C:\Users\esmeralda\Documents\Visual Studio 2010\Projects\max_nif_plugin-vs-2010\Build\x64\Release - Max x64\mt.write.1.tlog
C:\USERS\ESMERALDA\DOCUMENTS\VISUAL STUDIO 2010\PROJECTS\MAX_NIF_PLUGIN-VS-2010\BUILD\X64\RELEASE - MAX X64\MTLTEX.OBJ
C:\USERS\ESMERALDA\DOCUMENTS\VISUAL STUDIO 2010\PROJECTS\MAX_NIF_PLUGIN-VS-2010\BUILD\X64\RELEASE - MAX X64\NIFDIALOG.OBJ
C:\USERS\ESMERALDA\DOCUMENTS\VISUAL STUDIO 2010\PROJECTS\MAX_NIF_PLUGIN-VS-2010\BUILD\X64\RELEASE - MAX X64\NIFEXPORT.OBJ
C:\USERS\ESMERALDA\DOCUMENTS\VISUAL STUDIO 2010\PROJECTS\MAX_NIF_PLUGIN-VS-2010\BUILD\X64\RELEASE - MAX X64\NIFEXPORT.RES
C:\USERS\ESMERALDA\DOCUMENTS\VISUAL STUDIO 2010\PROJECTS\MAX_NIF_PLUGIN-VS-2010\BUILD\X64\RELEASE - MAX X64\NIFFURNITURE.OBJ
C:\USERS\ESMERALDA\DOCUMENTS\VISUAL STUDIO 2010\PROJECTS\MAX_NIF_PLUGIN-VS-2010\BUILD\X64\RELEASE - MAX X64\NIFFURNITURE.RES
C:\USERS\ESMERALDA\DOCUMENTS\VISUAL STUDIO 2010\PROJECTS\MAX_NIF_PLUGIN-VS-2010\BUILD\X64\RELEASE - MAX X64\NIFGUI.OBJ
C:\USERS\ESMERALDA\DOCUMENTS\VISUAL STUDIO 2010\PROJECTS\MAX_NIF_PLUGIN-VS-2010\BUILD\X64\RELEASE - MAX X64\NIFIMPORT.OBJ
C:\USERS\ESMERALDA\DOCUMENTS\VISUAL STUDIO 2010\PROJECTS\MAX_NIF_PLUGIN-VS-2010\BUILD\X64\RELEASE - MAX X64\NIFPLUGINS.DLU.INTERMEDIATE.MANIFEST
C:\Users\esmeralda\Documents\Visual Studio 2010\Projects\max_nif_plugin-vs-2010\Build\x64\Release - Max x64\NifPlugins.exp
C:\Users\esmeralda\Documents\Visual Studio 2010\Projects\max_nif_plugin-vs-2010\Build\x64\Release - Max x64\NifPlugins.lib
C:\USERS\ESMERALDA\DOCUMENTS\VISUAL STUDIO 2010\PROJECTS\MAX_NIF_PLUGIN-VS-2010\BUILD\X64\RELEASE - MAX X64\NIFPLUGINS.OBJ
C:\USERS\ESMERALDA\DOCUMENTS\VISUAL STUDIO 2010\PROJECTS\MAX_NIF_PLUGIN-VS-2010\BUILD\X64\RELEASE - MAX X64\NIFPLUGINS.PCH
C:\USERS\ESMERALDA\DOCUMENTS\VISUAL STUDIO 2010\PROJECTS\MAX_NIF_PLUGIN-VS-2010\BUILD\X64\RELEASE - MAX X64\NIFPLUGINS.PDB
C:\USERS\ESMERALDA\DOCUMENTS\VISUAL STUDIO 2010\PROJECTS\MAX_NIF_PLUGIN-VS-2010\BUILD\X64\RELEASE - MAX X64\NIFPLUGINS.RES
C:\Users\esmeralda\Documents\Visual Studio 2010\Projects\max_nif_plugin-vs-2010\Build\x64\Release - Max x64\NifPlugins.write.1.tlog
C:\USERS\ESMERALDA\DOCUMENTS\VISUAL STUDIO 2010\PROJECTS\MAX_NIF_PLUGIN-VS-2010\BUILD\X64\RELEASE - MAX X64\NIFPROPS.OBJ
C:\USERS\ESMERALDA\DOCUMENTS\VISUAL STUDIO 2010\PROJECTS\MAX_NIF_PLUGIN-VS-2010\BUILD\X64\RELEASE - MAX X64\NIFPROPS.RES
C:\USERS\ESMERALDA\DOCUMENTS\VISUAL STUDIO 2010\PROJECTS\MAX_NIF_PLUGIN-VS-2010\BUILD\X64\RELEASE - MAX X64\NIFQHULL.OBJ
C:\USERS\ESMERALDA\DOCUMENTS\VISUAL STUDIO 2010\PROJECTS\MAX_NIF_PLUGIN-VS-2010\BUILD\X64\RELEASE - MAX X64\NIFSHADER.OBJ
C:\USERS\ESMERALDA\DOCUMENTS\VISUAL STUDIO 2010\PROJECTS\MAX_NIF_PLUGIN-VS-2010\BUILD\X64\RELEASE - MAX X64\NIMORPH.OBJ
C:\USERS\ESMERALDA\DOCUMENTS\VISUAL STUDIO 2010\PROJECTS\MAX_NIF_PLUGIN-VS-2010\BUILD\X64\RELEASE - MAX X64\NIUTILS.OBJ
C:\USERS\ESMERALDA\DOCUMENTS\VISUAL STUDIO 2010\PROJECTS\MAX_NIF_PLUGIN-VS-2010\BUILD\X64\RELEASE - MAX X64\NVTRISTRIP.OBJ
C:\USERS\ESMERALDA\DOCUMENTS\VISUAL STUDIO 2010\PROJECTS\MAX_NIF_PLUGIN-VS-2010\BUILD\X64\RELEASE - MAX X64\NVTRISTRIPOBJECTS.OBJ
C:\USERS\ESMERALDA\DOCUMENTS\VISUAL STUDIO 2010\PROJECTS\MAX_NIF_PLUGIN-VS-2010\BUILD\X64\RELEASE - MAX X64\PCH.OBJ
C:\Users\esmeralda\Documents\Visual Studio 2010\Projects\max_nif_plugin-vs-2010\Build\x64\Release - Max x64\rc.command.1.tlog
C:\Users\esmeralda\Documents\Visual Studio 2010\Projects\max_nif_plugin-vs-2010\Build\x64\Release - Max x64\rc.read.1.tlog
C:\Users\esmeralda\Documents\Visual Studio 2010\Projects\max_nif_plugin-vs-2010\Build\x64\Release - Max x64\rc.write.1.tlog
C:\USERS\ESMERALDA\DOCUMENTS\VISUAL STUDIO 2010\PROJECTS\MAX_NIF_PLUGIN-VS-2010\BUILD\X64\RELEASE - MAX X64\SHADERUTIL.OBJ
C:\USERS\ESMERALDA\DOCUMENTS\VISUAL STUDIO 2010\PROJECTS\MAX_NIF_PLUGIN-VS-2010\BUILD\X64\RELEASE - MAX X64\STRIPS.OBJ
C:\USERS\ESMERALDA\DOCUMENTS\VISUAL STUDIO 2010\PROJECTS\MAX_NIF_PLUGIN-VS-2010\BUILD\X64\RELEASE - MAX X64\UI_QTFORM.OBJ
C:\USERS\ESMERALDA\DOCUMENTS\VISUAL STUDIO 2010\PROJECTS\MAX_NIF_PLUGIN-VS-2010\BUILD\X64\RELEASE - MAX X64\UI_QTFORM_MOC.OBJ
C:\USERS\ESMERALDA\DOCUMENTS\VISUAL STUDIO 2010\PROJECTS\MAX_NIF_PLUGIN-VS-2010\BUILD\X64\RELEASE - MAX X64\UTIL.OBJ
C:\USERS\ESMERALDA\DOCUMENTS\VISUAL STUDIO 2010\PROJECTS\MAX_NIF_PLUGIN-VS-2010\BUILD\X64\RELEASE - MAX X64\VC90.PDB
C:\USERS\ESMERALDA\DOCUMENTS\VISUAL STUDIO 2010\PROJECTS\MAX_NIF_PLUGIN-VS-2010\BUILD\X64\RELEASE - MAX X64\VERTEXCACHE.OBJ
C:\USERS\ESMERALDA\DOCUMENTS\VISUAL STUDIO 2010\PROJECTS\MAX_NIF_PLUGIN-VS-2010\X64\RELEASE - MAX X64\NIFPLUGINS.DLU
